
SQL*Loader: Release 12.2.0.1.0 - Production on Sun Dec 8 21:41:02 2019

Copyright (c) 1982, 2017, Oracle and/or its affiliates.  All rights reserved.

Control File:   project.ctl
Data File:      project.csv
  File processing option string: "str '
'"
  Bad File:     project.bad
  Discard File:  none specified
 
 (Allow all discards)

Number to load: ALL
Number to skip: 1
Errors allowed: 50
Bind array:     64 rows, maximum of 256000 bytes
Continuation:    none specified
Path used:      Conventional

Table JL_TP_STAGE, loaded from every logical record.
Insert option in effect for this table: APPEND
TRAILING NULLCOLS option in effect

   Column Name                  Position   Len  Term Encl Datatype
------------------------------ ---------- ----- ---- ---- ---------------------
TRAIN_DATE                          FIRST    26   ,  O(") CHARACTER            
                                                      O(")
TRIP_ID                              NEXT     *   ,  O(") CHARACTER            
                                                      O(")
TRAIN_ID                             NEXT     *   ,  O(") CHARACTER            
                                                      O(")
STOP_SEQUENCE                        NEXT     *   ,  O(") CHARACTER            
                                                      O(")
ORIGION_NAME                         NEXT   200   ,  O(") CHARACTER            
                                                      O(")
ORIGION_ID                           NEXT     *   ,  O(") CHARACTER            
                                                      O(")
DESTINATION_NAME                     NEXT   200   ,  O(") CHARACTER            
                                                      O(")
DESTINATION_ID                       NEXT     *   ,  O(") CHARACTER            
                                                      O(")
SCHEDULE_ID                          NEXT     *   ,  O(") CHARACTER            
                                                      O(")
SCHEDULED_TIME                       NEXT     *   ,  O(") DATE DD-MON-RR       
                                                      O(")
ARRIVAL_ID                           NEXT     *   ,  O(") CHARACTER            
                                                      O(")
ACTUAL_TIME                          NEXT     *   ,  O(") DATE DD-MON-RR       
                                                      O(")
STATUS_ID                            NEXT     *   ,  O(") CHARACTER            
                                                      O(")
DELAY_MIN                            NEXT     *   ,  O(") CHARACTER            
                                                      O(")
STATUS                               NEXT    26   ,  O(") CHARACTER            
                                                      O(")
LINE_ID                              NEXT     *   ,  O(") CHARACTER            
                                                      O(")
LINE_NAME                            NEXT   200   ,  O(") CHARACTER            
                                                      O(")
TYPE_NAME                            NEXT   200   ,  O(") CHARACTER            
                                                      O(")
TYPE_ID                              NEXT     *   ,  O(") CHARACTER            
                                                      O(")

value used for ROWS parameter changed from 64 to 60
Record 1: Rejected - Error on table JL_TP_STAGE, column SCHEDULED_TIME.
ORA-01843: not a valid month

Record 2: Rejected - Error on table JL_TP_STAGE, column SCHEDULED_TIME.
ORA-01843: not a valid month

Record 3: Rejected - Error on table JL_TP_STAGE, column SCHEDULED_TIME.
ORA-01843: not a valid month

Record 4: Rejected - Error on table JL_TP_STAGE, column SCHEDULED_TIME.
ORA-01843: not a valid month

Record 5: Rejected - Error on table JL_TP_STAGE, column SCHEDULED_TIME.
ORA-01843: not a valid month

Record 6: Rejected - Error on table JL_TP_STAGE, column SCHEDULED_TIME.
ORA-01843: not a valid month

Record 7: Rejected - Error on table JL_TP_STAGE, column SCHEDULED_TIME.
ORA-01843: not a valid month

Record 8: Rejected - Error on table JL_TP_STAGE, column SCHEDULED_TIME.
ORA-01843: not a valid month

Record 9: Rejected - Error on table JL_TP_STAGE, column SCHEDULED_TIME.
ORA-01843: not a valid month

Record 10: Rejected - Error on table JL_TP_STAGE, column SCHEDULED_TIME.
ORA-01843: not a valid month

Record 11: Rejected - Error on table JL_TP_STAGE, column SCHEDULED_TIME.
ORA-01843: not a valid month

Record 12: Rejected - Error on table JL_TP_STAGE, column SCHEDULED_TIME.
ORA-01843: not a valid month

Record 13: Rejected - Error on table JL_TP_STAGE, column SCHEDULED_TIME.
ORA-01843: not a valid month

Record 14: Rejected - Error on table JL_TP_STAGE, column SCHEDULED_TIME.
ORA-01843: not a valid month

Record 15: Rejected - Error on table JL_TP_STAGE, column SCHEDULED_TIME.
ORA-01843: not a valid month

Record 16: Rejected - Error on table JL_TP_STAGE, column SCHEDULED_TIME.
ORA-01843: not a valid month

Record 17: Rejected - Error on table JL_TP_STAGE, column SCHEDULED_TIME.
ORA-01843: not a valid month

Record 18: Rejected - Error on table JL_TP_STAGE, column SCHEDULED_TIME.
ORA-01843: not a valid month

Record 19: Rejected - Error on table JL_TP_STAGE, column SCHEDULED_TIME.
ORA-01843: not a valid month

Record 20: Rejected - Error on table JL_TP_STAGE, column SCHEDULED_TIME.
ORA-01843: not a valid month

Record 21: Rejected - Error on table JL_TP_STAGE, column SCHEDULED_TIME.
ORA-01843: not a valid month

Record 22: Rejected - Error on table JL_TP_STAGE, column SCHEDULED_TIME.
ORA-01843: not a valid month

Record 23: Rejected - Error on table JL_TP_STAGE, column SCHEDULED_TIME.
ORA-01843: not a valid month

Record 24: Rejected - Error on table JL_TP_STAGE, column SCHEDULED_TIME.
ORA-01843: not a valid month

Record 25: Rejected - Error on table JL_TP_STAGE, column SCHEDULED_TIME.
ORA-01843: not a valid month

Record 26: Rejected - Error on table JL_TP_STAGE, column SCHEDULED_TIME.
ORA-01843: not a valid month

Record 27: Rejected - Error on table JL_TP_STAGE, column SCHEDULED_TIME.
ORA-01843: not a valid month

Record 28: Rejected - Error on table JL_TP_STAGE, column SCHEDULED_TIME.
ORA-01843: not a valid month

Record 29: Rejected - Error on table JL_TP_STAGE, column SCHEDULED_TIME.
ORA-01843: not a valid month

Record 30: Rejected - Error on table JL_TP_STAGE, column SCHEDULED_TIME.
ORA-01843: not a valid month

Record 31: Rejected - Error on table JL_TP_STAGE, column SCHEDULED_TIME.
ORA-01843: not a valid month

Record 32: Rejected - Error on table JL_TP_STAGE, column SCHEDULED_TIME.
ORA-01843: not a valid month

Record 33: Rejected - Error on table JL_TP_STAGE, column SCHEDULED_TIME.
ORA-01843: not a valid month

Record 34: Rejected - Error on table JL_TP_STAGE, column SCHEDULED_TIME.
ORA-01843: not a valid month

Record 35: Rejected - Error on table JL_TP_STAGE, column SCHEDULED_TIME.
ORA-01843: not a valid month

Record 36: Rejected - Error on table JL_TP_STAGE, column SCHEDULED_TIME.
ORA-01843: not a valid month

Record 37: Rejected - Error on table JL_TP_STAGE, column SCHEDULED_TIME.
ORA-01843: not a valid month

Record 38: Rejected - Error on table JL_TP_STAGE, column SCHEDULED_TIME.
ORA-01843: not a valid month

Record 39: Rejected - Error on table JL_TP_STAGE, column SCHEDULED_TIME.
ORA-01843: not a valid month

Record 40: Rejected - Error on table JL_TP_STAGE, column SCHEDULED_TIME.
ORA-01843: not a valid month

Record 41: Rejected - Error on table JL_TP_STAGE, column SCHEDULED_TIME.
ORA-01843: not a valid month

Record 42: Rejected - Error on table JL_TP_STAGE, column SCHEDULED_TIME.
ORA-01843: not a valid month

Record 43: Rejected - Error on table JL_TP_STAGE, column SCHEDULED_TIME.
ORA-01843: not a valid month

Record 44: Rejected - Error on table JL_TP_STAGE, column SCHEDULED_TIME.
ORA-01843: not a valid month

Record 45: Rejected - Error on table JL_TP_STAGE, column SCHEDULED_TIME.
ORA-01843: not a valid month

Record 46: Rejected - Error on table JL_TP_STAGE, column SCHEDULED_TIME.
ORA-01843: not a valid month

Record 47: Rejected - Error on table JL_TP_STAGE, column SCHEDULED_TIME.
ORA-01843: not a valid month

Record 48: Rejected - Error on table JL_TP_STAGE, column SCHEDULED_TIME.
ORA-01843: not a valid month

Record 49: Rejected - Error on table JL_TP_STAGE, column SCHEDULED_TIME.
ORA-01843: not a valid month

Record 50: Rejected - Error on table JL_TP_STAGE, column SCHEDULED_TIME.
ORA-01843: not a valid month

Record 51: Rejected - Error on table JL_TP_STAGE, column SCHEDULED_TIME.
ORA-01843: not a valid month


MAXIMUM ERROR COUNT EXCEEDED - Above statistics reflect partial run.

Table JL_TP_STAGE:
  0 Rows successfully loaded.
  51 Rows not loaded due to data errors.
  0 Rows not loaded because all WHEN clauses were failed.
  0 Rows not loaded because all fields were null.


Space allocated for bind array:                 253080 bytes(60 rows)
Read   buffer bytes: 1048576

Total logical records skipped:          1
Total logical records read:            60
Total logical records rejected:        51
Total logical records discarded:        0

Run began on Sun Dec 08 21:41:02 2019
Run ended on Sun Dec 08 21:41:02 2019

Elapsed time was:     00:00:00.11
CPU time was:         00:00:00.03
